<?xml version="1.0" encoding="UTF-8"?>
<!-- Generated by org.testng.reporters.JUnitReportReporter -->
<testsuite hostname="DESKTOP-O0RSMQB" failures="0" tests="1" name="strings.UnicodeofString" time="0.014" errors="0" timestamp="13 Aug 2019 06:04:39 GMT" skipped="0">
  <testcase classname="strings.UnicodeofString" name="test_01" time="0.014"/>
</testsuite> <!-- strings.UnicodeofString -->
