<?xml version="1.0" encoding="UTF-8"?>
<!-- Generated by org.testng.reporters.JUnitReportReporter -->
<testsuite hostname="DESKTOP-O0RSMQB" failures="0" tests="1" name="seleniumPractice.AutoSuggesting" time="111.156" errors="0" timestamp="18 Sep 2019 13:56:24 GMT" skipped="0">
  <testcase classname="seleniumPractice.AutoSuggesting" name="test_01" time="111.156"/>
</testsuite> <!-- seleniumPractice.AutoSuggesting -->
