<?xml version="1.0" encoding="UTF-8"?>
<!-- Generated by org.testng.reporters.JUnitReportReporter -->
<testsuite hostname="DESKTOP-O0RSMQB" failures="0" tests="1" name="strings.PalimNo" time="0.000" errors="0" timestamp="09 Sep 2019 17:24:11 GMT" skipped="0">
  <testcase classname="strings.PalimNo" name="ts_01" time="0.000"/>
</testsuite> <!-- strings.PalimNo -->
