<?xml version="1.0" encoding="UTF-8"?>
<!-- Generated by org.testng.reporters.JUnitReportReporter -->
<testsuite hostname="DESKTOP-O0RSMQB" failures="0" tests="2" name="seleniumPractice.TestPageObject" time="27.702" errors="0" timestamp="29 Sep 2019 04:04:58 GMT" skipped="0">
  <testcase classname="seleniumPractice.TestPageObject" name="newTab" time="2.187"/>
  <testcase classname="seleniumPractice.TestPageObject" name="tc_01" time="25.515"/>
</testsuite> <!-- seleniumPractice.TestPageObject -->
