<?xml version="1.0" encoding="UTF-8"?>
<!-- Generated by org.testng.reporters.JUnitReportReporter -->
<testsuite hostname="DESKTOP-O0RSMQB" failures="0" tests="1" name="seleniumPractice.HandlingSSLCerti" time="10.908" errors="0" timestamp="07 Sep 2019 18:04:27 GMT" skipped="0">
  <testcase classname="seleniumPractice.HandlingSSLCerti" name="setUp" time="10.908"/>
</testsuite> <!-- seleniumPractice.HandlingSSLCerti -->
