<?xml version="1.0" encoding="UTF-8"?>
<!-- Generated by org.testng.reporters.JUnitReportReporter -->
<testsuite hostname="DESKTOP-O0RSMQB" failures="0" tests="3" name="inteviewProgram.TestngTesting" time="0.018" errors="0" timestamp="04 Aug 2019 11:13:22 GMT" skipped="0">
  <testcase classname="inteviewProgram.TestngTesting" name="name1" time="0.011"/>
  <testcase classname="inteviewProgram.TestngTesting" name="name2" time="0.002"/>
  <testcase classname="inteviewProgram.TestngTesting" name="name0" time="0.005"/>
</testsuite> <!-- inteviewProgram.TestngTesting -->
