<?xml version="1.0" encoding="UTF-8"?>
<!-- Generated by org.testng.reporters.JUnitReportReporter -->
<testsuite hostname="DESKTOP-O0RSMQB" failures="0" tests="1" name="seleniumPractice.FrameHandling" time="36.621" errors="0" timestamp="09 Sep 2019 14:35:54 GMT" skipped="0">
  <testcase classname="seleniumPractice.FrameHandling" name="ts_01" time="36.621"/>
</testsuite> <!-- seleniumPractice.FrameHandling -->
