<?xml version="1.0" encoding="UTF-8"?>
<!-- Generated by org.testng.reporters.JUnitReportReporter -->
<testsuite hostname="DESKTOP-O0RSMQB" failures="0" tests="1" name="inteviewProgram.Pattern4" time="0.012" errors="0" timestamp="04 Sep 2019 16:12:03 GMT" skipped="0">
  <testcase classname="inteviewProgram.Pattern4" name="m1" time="0.012"/>
</testsuite> <!-- inteviewProgram.Pattern4 -->
