<?xml version="1.0" encoding="UTF-8"?>
<!-- Generated by org.testng.reporters.JUnitReportReporter -->
<testsuite hostname="DESKTOP-O0RSMQB" failures="0" tests="1" name="inteviewProgram.SetTesting" time="0.012" errors="0" timestamp="04 Aug 2019 11:09:45 GMT" skipped="0">
  <testcase classname="inteviewProgram.SetTesting" name="setTestingClass" time="0.012"/>
</testsuite> <!-- inteviewProgram.SetTesting -->
