<?xml version="1.0" encoding="UTF-8"?>
<!-- Generated by org.testng.reporters.JUnitReportReporter -->
<testsuite hostname="DESKTOP-O0RSMQB" failures="0" tests="1" name="seleniumPractice.FindJsErrorLogg" time="6.174" errors="0" timestamp="29 Sep 2019 09:12:33 GMT" skipped="0">
  <testcase classname="seleniumPractice.FindJsErrorLogg" name="jsScriptEr" time="6.174"/>
</testsuite> <!-- seleniumPractice.FindJsErrorLogg -->
