<?xml version="1.0" encoding="UTF-8"?>
<!-- Generated by org.testng.reporters.JUnitReportReporter -->
<testsuite hostname="DESKTOP-O0RSMQB" failures="0" tests="1" name="seleniumPractice.FrameAndWindowHandling" time="65.375" errors="0" timestamp="09 Sep 2019 15:54:43 GMT" skipped="0">
  <testcase classname="seleniumPractice.FrameAndWindowHandling" name="ts_01" time="65.375"/>
</testsuite> <!-- seleniumPractice.FrameAndWindowHandling -->
